<?xml version="1.0" encoding="UTF-8"?>
<!-- Generated by org.testng.reporters.JUnitReportReporter -->
<testsuite skipped="0" hostname="IDX-0039-LENO" name="RestAssuredDemoProject.RestAssuredDemoProject.deleteDemo" tests="1" failures="0" timestamp="06 May 2019 15:50:31 GMT" time="4.248" errors="0">
  <testcase name="demoDeleteMethod" time="4.248" classname="RestAssuredDemoProject.RestAssuredDemoProject.deleteDemo"/>
</testsuite> <!-- RestAssuredDemoProject.RestAssuredDemoProject.deleteDemo -->
