<?xml version="1.0" encoding="UTF-8"?>
<!-- Generated by org.testng.reporters.JUnitReportReporter -->
<testsuite skipped="0" hostname="IDX-0039-LENO" name="RestAssuredDemoProject.RestAssuredDemoProject.putDemo" tests="1" failures="0" timestamp="06 May 2019 15:48:41 GMT" time="4.393" errors="0">
  <testcase name="demoUpdateMethod" time="4.393" classname="RestAssuredDemoProject.RestAssuredDemoProject.putDemo"/>
</testsuite> <!-- RestAssuredDemoProject.RestAssuredDemoProject.putDemo -->
