<?xml version="1.0" encoding="UTF-8"?>
<!-- Generated by org.testng.reporters.JUnitReportReporter -->
<testsuite skipped="0" hostname="IDX-0039-LENO" name="RestAssuredDemoProject.RestAssuredDemoProject.postDemo" tests="1" failures="0" timestamp="06 May 2019 15:46:28 GMT" time="5.308" errors="0">
  <testcase name="demoPostMethod" time="5.308" classname="RestAssuredDemoProject.RestAssuredDemoProject.postDemo"/>
</testsuite> <!-- RestAssuredDemoProject.RestAssuredDemoProject.postDemo -->
