<?xml version="1.0" encoding="UTF-8"?>
<!-- Generated by org.testng.reporters.JUnitReportReporter -->
<testsuite skipped="0" hostname="IDX-0039-LENO" name="RestAssuredDemo2.AllMethodsDemo" tests="1" failures="0" timestamp="06 May 2019 15:44:06 GMT" time="8.156" errors="0">
  <testcase name="verifyAllMethods" time="8.156" classname="RestAssuredDemo2.AllMethodsDemo"/>
</testsuite> <!-- RestAssuredDemo2.AllMethodsDemo -->
