<?xml version="1.0" encoding="UTF-8"?>
<!-- Generated by org.testng.reporters.JUnitReportReporter -->
<testsuite skipped="0" hostname="IDX-0039-LENO" name="RestAssuredDemoProject.RestAssuredDemoProject.getDemo" tests="1" failures="0" timestamp="06 May 2019 15:44:59 GMT" time="6.243" errors="0">
  <testcase name="demoGetMethod" time="6.243" classname="RestAssuredDemoProject.RestAssuredDemoProject.getDemo"/>
</testsuite> <!-- RestAssuredDemoProject.RestAssuredDemoProject.getDemo -->
